<?xml version="1.0" encoding="UTF-8"?>
<testsuite name="ParserTest" tests="1" skipped="0" failures="0" errors="0" timestamp="2024-04-23T12:47:26" hostname="DESKTOP-SH4FIGD" time="0.015">
  <properties/>
  <testcase name="testSortByName()" classname="ParserTest" time="0.015"/>
  <system-out><![CDATA[]]></system-out>
  <system-err><![CDATA[]]></system-err>
</testsuite>
